<?xml version="1.0" encoding="UTF-8"?>
<!-- Generated by org.testng.reporters.JUnitXMLReporter -->
<testsuite ignored="0" hostname="DESKTOP-8N2T49J" failures="0" tests="3" name="Test" time="102.27" errors="0" timestamp="22 Sep 2022 15:38:53 GMT">
  <testcase classname="testcases.SimplilearnLogin" name="test1" time="22.534"/>
  <testcase classname="testcases.SimplilearnLogin" name="test2" time="12.387"/>
  <testcase classname="testcases.SimplilearnLogin" name="test3" time="14.667"/>
</testsuite> <!-- Test -->
