<?xml version="1.0" encoding="UTF-8"?>
<!-- Generated by org.testng.reporters.JUnitXMLReporter -->
<testsuite hostname="DESKTOP-8N2T49J" ignored="0" name="Test" tests="3" failures="0" timestamp="22 Sep 2022 15:40:48 GMT" time="67.42" errors="0">
  <testcase name="test1" time="16.539" classname="testcases.SimplilearnLogin"/>
  <testcase name="test2" time="8.433" classname="testcases.SimplilearnLogin"/>
  <testcase name="test3" time="10.267" classname="testcases.SimplilearnLogin"/>
</testsuite> <!-- Test -->
