<?xml version="1.0" encoding="UTF-8"?>
<testng-results skipped="0" failed="0" ignored="0" total="3" passed="3">
  <reporter-output>
  </reporter-output>
  <suite name="Suite" duration-ms="67420" started-at="2022-09-22T15:39:40Z" finished-at="2022-09-22T15:40:48Z">
    <groups>
    </groups>
    <test name="Test" duration-ms="67420" started-at="2022-09-22T15:39:40Z" finished-at="2022-09-22T15:40:48Z">
      <class name="testcases.SimplilearnLogin">
        <test-method status="PASS" signature="DataSetup()[pri:0, instance:testcases.SimplilearnLogin@69b794e2]" name="DataSetup" is-config="true" duration-ms="2395" started-at="2022-09-22T15:39:40Z" finished-at="2022-09-22T15:39:43Z">
          <reporter-output>
          </reporter-output>
        </test-method> <!-- DataSetup -->
        <test-method status="PASS" signature="Setup(java.lang.reflect.Method)[pri:0, instance:testcases.SimplilearnLogin@69b794e2]" name="Setup" is-config="true" duration-ms="11583" started-at="2022-09-22T15:39:43Z" finished-at="2022-09-22T15:39:54Z">
          <params>
            <param index="0">
              <value>
                <![CDATA[public void testcases.SimplilearnLogin.test1()]]>
              </value>
            </param>
          </params>
          <reporter-output>
          </reporter-output>
        </test-method> <!-- Setup -->
        <test-method status="PASS" signature="test1()[pri:0, instance:testcases.SimplilearnLogin@69b794e2]" name="test1" duration-ms="16539" started-at="2022-09-22T15:39:54Z" finished-at="2022-09-22T15:40:11Z">
          <reporter-output>
          </reporter-output>
        </test-method> <!-- test1 -->
        <test-method status="PASS" signature="Teardown()[pri:0, instance:testcases.SimplilearnLogin@69b794e2]" name="Teardown" is-config="true" duration-ms="241" started-at="2022-09-22T15:40:11Z" finished-at="2022-09-22T15:40:11Z">
          <reporter-output>
          </reporter-output>
        </test-method> <!-- Teardown -->
        <test-method status="PASS" signature="Setup(java.lang.reflect.Method)[pri:0, instance:testcases.SimplilearnLogin@69b794e2]" name="Setup" is-config="true" duration-ms="8353" started-at="2022-09-22T15:40:11Z" finished-at="2022-09-22T15:40:19Z">
          <params>
            <param index="0">
              <value>
                <![CDATA[public void testcases.SimplilearnLogin.test2(java.lang.String,java.lang.String)]]>
              </value>
            </param>
          </params>
          <reporter-output>
          </reporter-output>
        </test-method> <!-- Setup -->
        <test-method status="PASS" signature="test2(java.lang.String, java.lang.String)[pri:0, instance:testcases.SimplilearnLogin@69b794e2]" name="test2" duration-ms="8433" started-at="2022-09-22T15:40:19Z" finished-at="2022-09-22T15:40:28Z">
          <params>
            <param index="0">
              <value>
                <![CDATA[abc@xyz.com]]>
              </value>
            </param>
            <param index="1">
              <value>
                <![CDATA[Abc@1234]]>
              </value>
            </param>
          </params>
          <reporter-output>
          </reporter-output>
        </test-method> <!-- test2 -->
        <test-method status="PASS" signature="Teardown()[pri:0, instance:testcases.SimplilearnLogin@69b794e2]" name="Teardown" is-config="true" duration-ms="205" started-at="2022-09-22T15:40:28Z" finished-at="2022-09-22T15:40:28Z">
          <reporter-output>
          </reporter-output>
        </test-method> <!-- Teardown -->
        <test-method status="PASS" signature="Setup(java.lang.reflect.Method)[pri:0, instance:testcases.SimplilearnLogin@69b794e2]" name="Setup" is-config="true" duration-ms="7802" started-at="2022-09-22T15:40:28Z" finished-at="2022-09-22T15:40:36Z">
          <params>
            <param index="0">
              <value>
                <![CDATA[public void testcases.SimplilearnLogin.test3()]]>
              </value>
            </param>
          </params>
          <reporter-output>
          </reporter-output>
        </test-method> <!-- Setup -->
        <test-method status="PASS" signature="test3()[pri:0, instance:testcases.SimplilearnLogin@69b794e2]" name="test3" duration-ms="10267" started-at="2022-09-22T15:40:36Z" finished-at="2022-09-22T15:40:46Z">
          <reporter-output>
          </reporter-output>
        </test-method> <!-- test3 -->
        <test-method status="PASS" signature="Teardown()[pri:0, instance:testcases.SimplilearnLogin@69b794e2]" name="Teardown" is-config="true" duration-ms="377" started-at="2022-09-22T15:40:46Z" finished-at="2022-09-22T15:40:46Z">
          <reporter-output>
          </reporter-output>
        </test-method> <!-- Teardown -->
        <test-method status="PASS" signature="DataClean()[pri:0, instance:testcases.SimplilearnLogin@69b794e2]" name="DataClean" is-config="true" duration-ms="1183" started-at="2022-09-22T15:40:46Z" finished-at="2022-09-22T15:40:48Z">
          <reporter-output>
          </reporter-output>
        </test-method> <!-- DataClean -->
      </class> <!-- testcases.SimplilearnLogin -->
    </test> <!-- Test -->
  </suite> <!-- Suite -->
</testng-results>
