<?xml version="1.0" encoding="UTF-8"?>
<testng-results ignored="0" total="3" passed="3" failed="0" skipped="0">
  <reporter-output>
  </reporter-output>
  <suite started-at="2022-09-22T15:37:10Z" name="Suite" finished-at="2022-09-22T15:38:53Z" duration-ms="102270">
    <groups>
    </groups>
    <test started-at="2022-09-22T15:37:10Z" name="Test" finished-at="2022-09-22T15:38:53Z" duration-ms="102270">
      <class name="testcases.SimplilearnLogin">
        <test-method is-config="true" signature="DataSetup()[pri:0, instance:testcases.SimplilearnLogin@59e32960]" started-at="2022-09-22T15:37:10Z" name="DataSetup" finished-at="2022-09-22T15:37:13Z" duration-ms="2178" status="PASS">
          <reporter-output>
          </reporter-output>
        </test-method> <!-- DataSetup -->
        <test-method is-config="true" signature="Setup(java.lang.reflect.Method)[pri:0, instance:testcases.SimplilearnLogin@59e32960]" started-at="2022-09-22T15:37:13Z" name="Setup" finished-at="2022-09-22T15:37:36Z" duration-ms="23386" status="PASS">
          <params>
            <param index="0">
              <value>
                <![CDATA[public void testcases.SimplilearnLogin.test1()]]>
              </value>
            </param>
          </params>
          <reporter-output>
          </reporter-output>
        </test-method> <!-- Setup -->
        <test-method signature="test1()[pri:0, instance:testcases.SimplilearnLogin@59e32960]" started-at="2022-09-22T15:37:36Z" name="test1" finished-at="2022-09-22T15:37:59Z" duration-ms="22534" status="PASS">
          <reporter-output>
          </reporter-output>
        </test-method> <!-- test1 -->
        <test-method is-config="true" signature="Teardown()[pri:0, instance:testcases.SimplilearnLogin@59e32960]" started-at="2022-09-22T15:37:59Z" name="Teardown" finished-at="2022-09-22T15:37:59Z" duration-ms="395" status="PASS">
          <reporter-output>
          </reporter-output>
        </test-method> <!-- Teardown -->
        <test-method is-config="true" signature="Setup(java.lang.reflect.Method)[pri:0, instance:testcases.SimplilearnLogin@59e32960]" started-at="2022-09-22T15:37:59Z" name="Setup" finished-at="2022-09-22T15:38:13Z" duration-ms="14042" status="PASS">
          <params>
            <param index="0">
              <value>
                <![CDATA[public void testcases.SimplilearnLogin.test2(java.lang.String,java.lang.String)]]>
              </value>
            </param>
          </params>
          <reporter-output>
          </reporter-output>
        </test-method> <!-- Setup -->
        <test-method signature="test2(java.lang.String, java.lang.String)[pri:0, instance:testcases.SimplilearnLogin@59e32960]" started-at="2022-09-22T15:38:13Z" name="test2" finished-at="2022-09-22T15:38:25Z" duration-ms="12387" status="PASS">
          <params>
            <param index="0">
              <value>
                <![CDATA[abc@xyz.com]]>
              </value>
            </param>
            <param index="1">
              <value>
                <![CDATA[Abc@1234]]>
              </value>
            </param>
          </params>
          <reporter-output>
          </reporter-output>
        </test-method> <!-- test2 -->
        <test-method is-config="true" signature="Teardown()[pri:0, instance:testcases.SimplilearnLogin@59e32960]" started-at="2022-09-22T15:38:25Z" name="Teardown" finished-at="2022-09-22T15:38:26Z" duration-ms="349" status="PASS">
          <reporter-output>
          </reporter-output>
        </test-method> <!-- Teardown -->
        <test-method is-config="true" signature="Setup(java.lang.reflect.Method)[pri:0, instance:testcases.SimplilearnLogin@59e32960]" started-at="2022-09-22T15:38:26Z" name="Setup" finished-at="2022-09-22T15:38:36Z" duration-ms="9769" status="PASS">
          <params>
            <param index="0">
              <value>
                <![CDATA[public void testcases.SimplilearnLogin.test3()]]>
              </value>
            </param>
          </params>
          <reporter-output>
          </reporter-output>
        </test-method> <!-- Setup -->
        <test-method signature="test3()[pri:0, instance:testcases.SimplilearnLogin@59e32960]" started-at="2022-09-22T15:38:36Z" name="test3" finished-at="2022-09-22T15:38:50Z" duration-ms="14667" status="PASS">
          <reporter-output>
          </reporter-output>
        </test-method> <!-- test3 -->
        <test-method is-config="true" signature="Teardown()[pri:0, instance:testcases.SimplilearnLogin@59e32960]" started-at="2022-09-22T15:38:50Z" name="Teardown" finished-at="2022-09-22T15:38:50Z" duration-ms="187" status="PASS">
          <reporter-output>
          </reporter-output>
        </test-method> <!-- Teardown -->
        <test-method is-config="true" signature="DataClean()[pri:0, instance:testcases.SimplilearnLogin@59e32960]" started-at="2022-09-22T15:38:50Z" name="DataClean" finished-at="2022-09-22T15:38:53Z" duration-ms="2323" status="PASS">
          <reporter-output>
          </reporter-output>
        </test-method> <!-- DataClean -->
      </class> <!-- testcases.SimplilearnLogin -->
    </test> <!-- Test -->
  </suite> <!-- Suite -->
</testng-results>
